<?xml version="1.0" encoding="UTF-8"?>
<!-- Generated by org.testng.reporters.JUnitXMLReporter -->
<testsuite ignored="0" hostname="DESKTOP-CDI064C" failures="0" tests="3" name="Iphone" time="20.073" errors="0" timestamp="2022-02-03T13:32:10 IST">
  <testcase classname="testNGExample.AmazonTest_Priority" name="verifyAppTitleBeforeSearch" time="0.016"/>
  <testcase classname="testNGExample.AmazonTest_Priority" name="searchItems" time="9.595"/>
  <testcase classname="testNGExample.AmazonTest_Priority" name="verifyAppTitleAfterSearch" time="0.027"/>
</testsuite> <!-- Iphone -->
