<?xml version="1.0" encoding="UTF-8"?>
<testng-results ignored="0" total="6" passed="6" failed="0" skipped="0">
  <reporter-output>
  </reporter-output>
  <suite started-at="2022-02-03T14:03:35 IST" name="Suite" finished-at="2022-02-03T14:04:17 IST" duration-ms="42760">
    <groups>
    </groups>
    <test started-at="2022-02-03T14:03:35 IST" name="EdgeTest" finished-at="2022-02-03T14:04:17 IST" duration-ms="42760">
      <class name="crossbrowserTesting.LoginExample">
        <test-method is-config="true" signature="launchApp(java.lang.String)[pri:0, instance:crossbrowserTesting.LoginExample@2cdd0d4b]" started-at="2022-02-03T14:03:35 IST" name="launchApp" finished-at="2022-02-03T14:03:50 IST" duration-ms="15022" status="PASS">
          <params>
            <param index="0">
              <value>
                <![CDATA[edge]]>
              </value>
            </param>
          </params>
          <reporter-output>
          </reporter-output>
        </test-method> <!-- launchApp -->
        <test-method signature="verifyLogin()[pri:1, instance:crossbrowserTesting.LoginExample@2cdd0d4b]" started-at="2022-02-03T14:03:50 IST" name="verifyLogin" finished-at="2022-02-03T14:04:01 IST" duration-ms="10980" status="PASS">
          <reporter-output>
          </reporter-output>
        </test-method> <!-- verifyLogin -->
        <test-method signature="verifyDashboard()[pri:2, instance:crossbrowserTesting.LoginExample@2cdd0d4b]" started-at="2022-02-03T14:04:01 IST" name="verifyDashboard" finished-at="2022-02-03T14:04:01 IST" duration-ms="37" status="PASS">
          <reporter-output>
          </reporter-output>
        </test-method> <!-- verifyDashboard -->
        <test-method signature="verifyLogout()[pri:3, instance:crossbrowserTesting.LoginExample@2cdd0d4b]" started-at="2022-02-03T14:04:01 IST" name="verifyLogout" finished-at="2022-02-03T14:04:09 IST" duration-ms="8863" status="PASS">
          <reporter-output>
          </reporter-output>
        </test-method> <!-- verifyLogout -->
        <test-method is-config="true" signature="closeApp()[pri:0, instance:crossbrowserTesting.LoginExample@2cdd0d4b]" started-at="2022-02-03T14:04:09 IST" name="closeApp" finished-at="2022-02-03T14:04:17 IST" duration-ms="7840" status="PASS">
          <reporter-output>
          </reporter-output>
        </test-method> <!-- closeApp -->
      </class> <!-- crossbrowserTesting.LoginExample -->
    </test> <!-- EdgeTest -->
    <test started-at="2022-02-03T14:03:35 IST" name="ChromeTest" finished-at="2022-02-03T14:04:15 IST" duration-ms="40884">
      <class name="crossbrowserTesting.LoginExample">
        <test-method is-config="true" signature="launchApp(java.lang.String)[pri:0, instance:crossbrowserTesting.LoginExample@65b3f4a4]" started-at="2022-02-03T14:03:35 IST" name="launchApp" finished-at="2022-02-03T14:03:48 IST" duration-ms="13451" status="PASS">
          <params>
            <param index="0">
              <value>
                <![CDATA[chrome]]>
              </value>
            </param>
          </params>
          <reporter-output>
          </reporter-output>
        </test-method> <!-- launchApp -->
        <test-method signature="verifyLogin()[pri:1, instance:crossbrowserTesting.LoginExample@65b3f4a4]" started-at="2022-02-03T14:03:48 IST" name="verifyLogin" finished-at="2022-02-03T14:04:02 IST" duration-ms="14017" status="PASS">
          <reporter-output>
          </reporter-output>
        </test-method> <!-- verifyLogin -->
        <test-method signature="verifyDashboard()[pri:2, instance:crossbrowserTesting.LoginExample@65b3f4a4]" started-at="2022-02-03T14:04:02 IST" name="verifyDashboard" finished-at="2022-02-03T14:04:02 IST" duration-ms="103" status="PASS">
          <reporter-output>
          </reporter-output>
        </test-method> <!-- verifyDashboard -->
        <test-method signature="verifyLogout()[pri:3, instance:crossbrowserTesting.LoginExample@65b3f4a4]" started-at="2022-02-03T14:04:02 IST" name="verifyLogout" finished-at="2022-02-03T14:04:11 IST" duration-ms="9265" status="PASS">
          <reporter-output>
          </reporter-output>
        </test-method> <!-- verifyLogout -->
        <test-method is-config="true" signature="closeApp()[pri:0, instance:crossbrowserTesting.LoginExample@65b3f4a4]" started-at="2022-02-03T14:04:11 IST" name="closeApp" finished-at="2022-02-03T14:04:15 IST" duration-ms="4028" status="PASS">
          <reporter-output>
          </reporter-output>
        </test-method> <!-- closeApp -->
      </class> <!-- crossbrowserTesting.LoginExample -->
    </test> <!-- ChromeTest -->
  </suite> <!-- Suite -->
</testng-results>
